<!DOCTYPE html PUBLIC "-//W3C//DTD XHTML 1.1//EN" "http://www.w3.org/TR/xhtml11/DTD/xhtml11.dtd">
<html xmlns="http://www.w3.org/1999/xhtml">
<head>
<meta http-equiv="content-type" content="text/html; charset=UTF-8"/>
<title>TestNG Report</title>
<style type="text/css">table {margin-bottom:10px;border-collapse:collapse;empty-cells:show}th,td {border:1px solid #009;padding:.25em .5em}th {vertical-align:bottom}td {vertical-align:top}table a {font-weight:bold}.stripe td {background-color: #E6EBF9}.num {text-align:right}.passedodd td {background-color: #3F3}.passedeven td {background-color: #0A0}.skippedodd td {background-color: #DDD}.skippedeven td {background-color: #CCC}.failedodd td,.attn {background-color: #F33}.failedeven td,.stripe .attn {background-color: #D00}.stacktrace {white-space:pre;font-family:monospace}.totop {font-size:85%;text-align:center;border-bottom:2px solid #000}.invisible {display:none}</style>
</head>
<body>
<table>
<tr><th>Test</th><th># Passed</th><th># Skipped</th><th># Failed</th><th>Time (ms)</th><th>Included Groups</th><th>Excluded Groups</th></tr>
<tr><th colspan="7">SmokeTestSuite</th></tr>
<tr><td><a href="#t0">Smoke Scenarios</a></td><td class="num">0</td><td class="num attn">19</td><td class="num">0</td><td class="num">11,520</td><td></td><td></td></tr>
</table>
<table id='summary'><thead><tr><th>Class</th><th>Method</th><th>Start</th><th>Time (ms)</th></tr></thead><tbody><tr><th colspan="4">SmokeTestSuite</th></tr></tbody><tbody id="t0"><tr><th colspan="4">Smoke Scenarios &#8212; failed (configuration methods)</th></tr><tr class="failedeven"><td rowspan="1">TestNGFeatures.AnnotationsRealLifeExample</td><td><a href="#m0">getBrowser</a></td><td rowspan="1">1558264995093</td><td rowspan="1">0</td></tr><tr><th colspan="4">Smoke Scenarios &#8212; skipped (configuration methods)</th></tr><tr class="skippedeven"><td rowspan="4">FreeCRMTestSinglton.FreeCRMTestClass</td><td><a href="#m1">setUp</a></td><td rowspan="2">1558264999021</td><td rowspan="2">0</td></tr><tr class="skippedeven"><td><a href="#m2">setUp</a></td></tr><tr class="skippedeven"><td><a href="#m3">tearDown</a></td><td rowspan="2">1558264999037</td><td rowspan="2">0</td></tr><tr class="skippedeven"><td><a href="#m4">tearDown</a></td></tr><tr class="skippedodd"><td rowspan="2">FreeCRMTestSinglton.WMTest</td><td><a href="#m5">setup</a></td><td rowspan="1">1558264999243</td><td rowspan="1">0</td></tr><tr class="skippedodd"><td><a href="#m6">tearDown</a></td><td rowspan="1">1558264999326</td><td rowspan="1">0</td></tr><tr class="skippedeven"><td rowspan="6">TestNGFeatures.AnnotationsRealLifeExample</td><td><a href="#m7">closeBrowser</a></td><td rowspan="3">1558264999977</td><td rowspan="3">0</td></tr><tr class="skippedeven"><td><a href="#m8">closeBrowser</a></td></tr><tr class="skippedeven"><td><a href="#m9">closeBrowser</a></td></tr><tr class="skippedeven"><td><a href="#m10">closeDBConnection</a></td><td rowspan="1">1558264999479</td><td rowspan="1">0</td></tr><tr class="skippedeven"><td><a href="#m11">deleteAllCookies</a></td><td rowspan="1">1558264999975</td><td rowspan="1">0</td></tr><tr class="skippedeven"><td><a href="#m12">deleteCookies</a></td><td rowspan="1">1558264995261</td><td rowspan="1">0</td></tr><tr class="skippedodd"><td rowspan="6">TestNGFeatures.HUBSPOTLogin</td><td><a href="#m13">setUp</a></td><td rowspan="3">1558264995904</td><td rowspan="3">0</td></tr><tr class="skippedodd"><td><a href="#m14">setUp</a></td></tr><tr class="skippedodd"><td><a href="#m15">setUp</a></td></tr><tr class="skippedodd"><td><a href="#m16">tearDown</a></td><td rowspan="3">1558264998550</td><td rowspan="3">0</td></tr><tr class="skippedodd"><td><a href="#m17">tearDown</a></td></tr><tr class="skippedodd"><td><a href="#m18">tearDown</a></td></tr><tr class="skippedeven"><td rowspan="2">TestNGFeatures.Log4JTest</td><td><a href="#m19">setup</a></td><td rowspan="1">1558264999088</td><td rowspan="1">0</td></tr><tr class="skippedeven"><td><a href="#m20">tearDown</a></td><td rowspan="1">1558264999164</td><td rowspan="1">0</td></tr><tr class="skippedodd"><td rowspan="2">com.qa.selenium.quickrecap.ActionsClassTest</td><td><a href="#m21">setUp</a></td><td rowspan="1">1558264998839</td><td rowspan="1">0</td></tr><tr class="skippedodd"><td><a href="#m22">tearDown</a></td><td rowspan="1">1558264998854</td><td rowspan="1">0</td></tr><tr class="skippedeven"><td rowspan="2">com.qa.selenium.quickrecap.ScreenShotPracto</td><td><a href="#m23">setUp</a></td><td rowspan="1">1558264999444</td><td rowspan="1">0</td></tr><tr class="skippedeven"><td><a href="#m24">tearDown</a></td><td rowspan="1">1558264999475</td><td rowspan="1">0</td></tr><tr class="skippedodd"><td rowspan="2">com.qa.selenium.quickrecap.SeleniumBasics</td><td><a href="#m25">setUp</a></td><td rowspan="1">1558264999189</td><td rowspan="1">0</td></tr><tr class="skippedodd"><td><a href="#m26">tearDown</a></td><td rowspan="1">1558264999241</td><td rowspan="1">0</td></tr><tr class="skippedeven"><td rowspan="2">com.qa.selenium.quickrecap.headlessFireFox</td><td><a href="#m27">setUp</a></td><td rowspan="1">1558264999328</td><td rowspan="1">0</td></tr><tr class="skippedeven"><td><a href="#m28">tearDown</a></td><td rowspan="1">1558264999442</td><td rowspan="1">0</td></tr><tr><th colspan="4">Smoke Scenarios &#8212; skipped</th></tr><tr class="skippedeven"><td rowspan="2">FreeCRMTestSinglton.FreeCRMTestClass</td><td><a href="#m29">logoTest</a></td><td rowspan="1">1558264999022</td><td rowspan="1">0</td></tr><tr class="skippedeven"><td><a href="#m30">verifyFreeCRMTitle</a></td><td rowspan="1">1558264999041</td><td rowspan="1">0</td></tr><tr class="skippedodd"><td rowspan="1">FreeCRMTestSinglton.PDFReaderTest</td><td><a href="#m31">readPDFTest</a></td><td rowspan="1">1558264999009</td><td rowspan="1">0</td></tr><tr class="skippedeven"><td rowspan="1">FreeCRMTestSinglton.WMTest</td><td><a href="#m32">freeCRMTest</a></td><td rowspan="1">1558264999244</td><td rowspan="1">0</td></tr><tr class="skippedodd"><td rowspan="1">SeleniumSessions.SeleniumBasicsPracto</td><td><a href="#m33">Login</a></td><td rowspan="1">1558264999167</td><td rowspan="1">0</td></tr><tr class="skippedeven"><td rowspan="3">TestNGFeatures.AssertionTest</td><td><a href="#m34">HomePageTest</a></td><td rowspan="1">1558264998858</td><td rowspan="1">0</td></tr><tr class="skippedeven"><td><a href="#m35">loginTest</a></td><td rowspan="1">1558264998865</td><td rowspan="1">0</td></tr><tr class="skippedeven"><td><a href="#m36">logoutTest</a></td><td rowspan="1">1558264998976</td><td rowspan="1">0</td></tr><tr class="skippedodd"><td rowspan="3">TestNGFeatures.HUBSPOTLogin</td><td><a href="#m37">loginTest</a></td><td rowspan="1">1558264995906</td><td rowspan="1">0</td></tr><tr class="skippedodd"><td><a href="#m38">verifyLoginButtonTest</a></td><td rowspan="1">1558264998560</td><td rowspan="1">0</td></tr><tr class="skippedodd"><td><a href="#m39">verifyLoginPageTitleTest</a></td><td rowspan="1">1558264998785</td><td rowspan="1">0</td></tr><tr class="skippedeven"><td rowspan="1">TestNGFeatures.Log4JTest</td><td><a href="#m40">freecrmTitleTest</a></td><td rowspan="1">1558264999089</td><td rowspan="1">0</td></tr><tr class="skippedodd"><td rowspan="1">com.qa.hubspot.parellelTestcases.ParellelTestcases</td><td><a href="#m41">ebayPageTitleTestParellelModeOn</a></td><td rowspan="1">1558264999077</td><td rowspan="1">0</td></tr><tr class="skippedeven"><td rowspan="2">com.qa.hubspot.parellelTestcases.ThreadLocalDemo</td><td><a href="#m42">testMethod1</a></td><td rowspan="1">1558264999055</td><td rowspan="1">0</td></tr><tr class="skippedeven"><td><a href="#m43">testMethod2</a></td><td rowspan="1">1558264999062</td><td rowspan="1">0</td></tr><tr class="skippedodd"><td rowspan="1">com.qa.selenium.quickrecap.ActionsClassTest</td><td><a href="#m44">actionclassTest</a></td><td rowspan="1">1558264998840</td><td rowspan="1">0</td></tr><tr class="skippedeven"><td rowspan="1">com.qa.selenium.quickrecap.ScreenShotPracto</td><td><a href="#m45">loginTest</a></td><td rowspan="1">1558264999445</td><td rowspan="1">0</td></tr><tr class="skippedodd"><td rowspan="1">com.qa.selenium.quickrecap.SeleniumBasics</td><td><a href="#m46">loginTest</a></td><td rowspan="1">1558264999191</td><td rowspan="1">0</td></tr><tr class="skippedeven"><td rowspan="1">com.qa.selenium.quickrecap.headlessFireFox</td><td><a href="#m47">headlessBrowswerTest</a></td><td rowspan="1">1558264999329</td><td rowspan="1">0</td></tr></tbody>
</table>
<h2>Smoke Scenarios</h2><h3 id="m0">TestNGFeatures.AnnotationsRealLifeExample#getBrowser</h3><table class="result"><tr><th>Exception</th></tr><tr><td><div class="stacktrace">org.testng.TestNGException: 
Parameter &apos;myBrowser&apos; is required by BeforeTest on method getBrowser but has not been marked @Optional or defined
in C:\Users\HP\workspace\CodeBase-I\testng.xml
... Removed 21 stack frames</div></td></tr></table><p class="totop"><a href="#summary">back to summary</a></p>
<h3 id="m1">FreeCRMTestSinglton.FreeCRMTestClass#setUp</h3><table class="result"><tr><th class="invisible"/></tr></table><p class="totop"><a href="#summary">back to summary</a></p>
<h3 id="m2">FreeCRMTestSinglton.FreeCRMTestClass#setUp</h3><table class="result"><tr><th class="invisible"/></tr></table><p class="totop"><a href="#summary">back to summary</a></p>
<h3 id="m3">FreeCRMTestSinglton.FreeCRMTestClass#tearDown</h3><table class="result"><tr><th class="invisible"/></tr></table><p class="totop"><a href="#summary">back to summary</a></p>
<h3 id="m4">FreeCRMTestSinglton.FreeCRMTestClass#tearDown</h3><table class="result"><tr><th class="invisible"/></tr></table><p class="totop"><a href="#summary">back to summary</a></p>
<h3 id="m5">FreeCRMTestSinglton.WMTest#setup</h3><table class="result"><tr><th class="invisible"/></tr></table><p class="totop"><a href="#summary">back to summary</a></p>
<h3 id="m6">FreeCRMTestSinglton.WMTest#tearDown</h3><table class="result"><tr><th class="invisible"/></tr></table><p class="totop"><a href="#summary">back to summary</a></p>
<h3 id="m7">TestNGFeatures.AnnotationsRealLifeExample#closeBrowser</h3><table class="result"><tr><th class="invisible"/></tr></table><p class="totop"><a href="#summary">back to summary</a></p>
<h3 id="m8">TestNGFeatures.AnnotationsRealLifeExample#closeBrowser</h3><table class="result"><tr><th class="invisible"/></tr></table><p class="totop"><a href="#summary">back to summary</a></p>
<h3 id="m9">TestNGFeatures.AnnotationsRealLifeExample#closeBrowser</h3><table class="result"><tr><th class="invisible"/></tr></table><p class="totop"><a href="#summary">back to summary</a></p>
<h3 id="m10">TestNGFeatures.AnnotationsRealLifeExample#closeDBConnection</h3><table class="result"><tr><th class="invisible"/></tr></table><p class="totop"><a href="#summary">back to summary</a></p>
<h3 id="m11">TestNGFeatures.AnnotationsRealLifeExample#deleteAllCookies</h3><table class="result"><tr><th class="invisible"/></tr></table><p class="totop"><a href="#summary">back to summary</a></p>
<h3 id="m12">TestNGFeatures.AnnotationsRealLifeExample#deleteCookies</h3><table class="result"><tr><th class="invisible"/></tr></table><p class="totop"><a href="#summary">back to summary</a></p>
<h3 id="m13">TestNGFeatures.HUBSPOTLogin#setUp</h3><table class="result"><tr><th class="invisible"/></tr></table><p class="totop"><a href="#summary">back to summary</a></p>
<h3 id="m14">TestNGFeatures.HUBSPOTLogin#setUp</h3><table class="result"><tr><th class="invisible"/></tr></table><p class="totop"><a href="#summary">back to summary</a></p>
<h3 id="m15">TestNGFeatures.HUBSPOTLogin#setUp</h3><table class="result"><tr><th class="invisible"/></tr></table><p class="totop"><a href="#summary">back to summary</a></p>
<h3 id="m16">TestNGFeatures.HUBSPOTLogin#tearDown</h3><table class="result"><tr><th class="invisible"/></tr></table><p class="totop"><a href="#summary">back to summary</a></p>
<h3 id="m17">TestNGFeatures.HUBSPOTLogin#tearDown</h3><table class="result"><tr><th class="invisible"/></tr></table><p class="totop"><a href="#summary">back to summary</a></p>
<h3 id="m18">TestNGFeatures.HUBSPOTLogin#tearDown</h3><table class="result"><tr><th class="invisible"/></tr></table><p class="totop"><a href="#summary">back to summary</a></p>
<h3 id="m19">TestNGFeatures.Log4JTest#setup</h3><table class="result"><tr><th class="invisible"/></tr></table><p class="totop"><a href="#summary">back to summary</a></p>
<h3 id="m20">TestNGFeatures.Log4JTest#tearDown</h3><table class="result"><tr><th class="invisible"/></tr></table><p class="totop"><a href="#summary">back to summary</a></p>
<h3 id="m21">com.qa.selenium.quickrecap.ActionsClassTest#setUp</h3><table class="result"><tr><th class="invisible"/></tr></table><p class="totop"><a href="#summary">back to summary</a></p>
<h3 id="m22">com.qa.selenium.quickrecap.ActionsClassTest#tearDown</h3><table class="result"><tr><th class="invisible"/></tr></table><p class="totop"><a href="#summary">back to summary</a></p>
<h3 id="m23">com.qa.selenium.quickrecap.ScreenShotPracto#setUp</h3><table class="result"><tr><th class="invisible"/></tr></table><p class="totop"><a href="#summary">back to summary</a></p>
<h3 id="m24">com.qa.selenium.quickrecap.ScreenShotPracto#tearDown</h3><table class="result"><tr><th class="invisible"/></tr></table><p class="totop"><a href="#summary">back to summary</a></p>
<h3 id="m25">com.qa.selenium.quickrecap.SeleniumBasics#setUp</h3><table class="result"><tr><th class="invisible"/></tr></table><p class="totop"><a href="#summary">back to summary</a></p>
<h3 id="m26">com.qa.selenium.quickrecap.SeleniumBasics#tearDown</h3><table class="result"><tr><th class="invisible"/></tr></table><p class="totop"><a href="#summary">back to summary</a></p>
<h3 id="m27">com.qa.selenium.quickrecap.headlessFireFox#setUp</h3><table class="result"><tr><th class="invisible"/></tr></table><p class="totop"><a href="#summary">back to summary</a></p>
<h3 id="m28">com.qa.selenium.quickrecap.headlessFireFox#tearDown</h3><table class="result"><tr><th class="invisible"/></tr></table><p class="totop"><a href="#summary">back to summary</a></p>
<h3 id="m29">FreeCRMTestSinglton.FreeCRMTestClass#logoTest</h3><table class="result"><tr><th>Exception</th></tr><tr><td><div class="stacktrace">org.testng.TestNGException: 
Parameter &apos;myBrowser&apos; is required by BeforeTest on method getBrowser but has not been marked @Optional or defined
in C:\Users\HP\workspace\CodeBase-I\testng.xml
... Removed 21 stack frames</div></td></tr></table><p class="totop"><a href="#summary">back to summary</a></p>
<h3 id="m30">FreeCRMTestSinglton.FreeCRMTestClass#verifyFreeCRMTitle</h3><table class="result"><tr><th>Exception</th></tr><tr><td><div class="stacktrace">org.testng.TestNGException: 
Parameter &apos;myBrowser&apos; is required by BeforeTest on method getBrowser but has not been marked @Optional or defined
in C:\Users\HP\workspace\CodeBase-I\testng.xml
... Removed 21 stack frames</div></td></tr></table><p class="totop"><a href="#summary">back to summary</a></p>
<h3 id="m31">FreeCRMTestSinglton.PDFReaderTest#readPDFTest</h3><table class="result"><tr><th>Exception</th></tr><tr><td><div class="stacktrace">org.testng.TestNGException: 
Parameter &apos;myBrowser&apos; is required by BeforeTest on method getBrowser but has not been marked @Optional or defined
in C:\Users\HP\workspace\CodeBase-I\testng.xml
... Removed 21 stack frames</div></td></tr></table><p class="totop"><a href="#summary">back to summary</a></p>
<h3 id="m32">FreeCRMTestSinglton.WMTest#freeCRMTest</h3><table class="result"><tr><th>Exception</th></tr><tr><td><div class="stacktrace">org.testng.TestNGException: 
Parameter &apos;myBrowser&apos; is required by BeforeTest on method getBrowser but has not been marked @Optional or defined
in C:\Users\HP\workspace\CodeBase-I\testng.xml
... Removed 21 stack frames</div></td></tr></table><p class="totop"><a href="#summary">back to summary</a></p>
<h3 id="m33">SeleniumSessions.SeleniumBasicsPracto#Login</h3><table class="result"><tr><th>Exception</th></tr><tr><td><div class="stacktrace">org.testng.TestNGException: 
Parameter &apos;myBrowser&apos; is required by BeforeTest on method getBrowser but has not been marked @Optional or defined
in C:\Users\HP\workspace\CodeBase-I\testng.xml
... Removed 21 stack frames</div></td></tr></table><p class="totop"><a href="#summary">back to summary</a></p>
<h3 id="m34">TestNGFeatures.AssertionTest#HomePageTest</h3><table class="result"><tr><th>Exception</th></tr><tr><td><div class="stacktrace">org.testng.TestNGException: 
Parameter &apos;myBrowser&apos; is required by BeforeTest on method getBrowser but has not been marked @Optional or defined
in C:\Users\HP\workspace\CodeBase-I\testng.xml
... Removed 21 stack frames</div></td></tr></table><p class="totop"><a href="#summary">back to summary</a></p>
<h3 id="m35">TestNGFeatures.AssertionTest#loginTest</h3><table class="result"><tr><th>Exception</th></tr><tr><td><div class="stacktrace">org.testng.TestNGException: 
Parameter &apos;myBrowser&apos; is required by BeforeTest on method getBrowser but has not been marked @Optional or defined
in C:\Users\HP\workspace\CodeBase-I\testng.xml
... Removed 21 stack frames</div></td></tr></table><p class="totop"><a href="#summary">back to summary</a></p>
<h3 id="m36">TestNGFeatures.AssertionTest#logoutTest</h3><table class="result"><tr><th>Exception</th></tr><tr><td><div class="stacktrace">org.testng.TestNGException: 
Parameter &apos;myBrowser&apos; is required by BeforeTest on method getBrowser but has not been marked @Optional or defined
in C:\Users\HP\workspace\CodeBase-I\testng.xml
... Removed 21 stack frames</div></td></tr></table><p class="totop"><a href="#summary">back to summary</a></p>
<h3 id="m37">TestNGFeatures.HUBSPOTLogin#loginTest</h3><table class="result"><tr><th>Exception</th></tr><tr><td><div class="stacktrace">org.testng.TestNGException: 
Parameter &apos;myBrowser&apos; is required by BeforeTest on method getBrowser but has not been marked @Optional or defined
in C:\Users\HP\workspace\CodeBase-I\testng.xml
... Removed 21 stack frames</div></td></tr></table><p class="totop"><a href="#summary">back to summary</a></p>
<h3 id="m38">TestNGFeatures.HUBSPOTLogin#verifyLoginButtonTest</h3><table class="result"><tr><th>Exception</th></tr><tr><td><div class="stacktrace">org.testng.TestNGException: 
Parameter &apos;myBrowser&apos; is required by BeforeTest on method getBrowser but has not been marked @Optional or defined
in C:\Users\HP\workspace\CodeBase-I\testng.xml
... Removed 21 stack frames</div></td></tr></table><p class="totop"><a href="#summary">back to summary</a></p>
<h3 id="m39">TestNGFeatures.HUBSPOTLogin#verifyLoginPageTitleTest</h3><table class="result"><tr><th>Exception</th></tr><tr><td><div class="stacktrace">org.testng.TestNGException: 
Parameter &apos;myBrowser&apos; is required by BeforeTest on method getBrowser but has not been marked @Optional or defined
in C:\Users\HP\workspace\CodeBase-I\testng.xml
... Removed 21 stack frames</div></td></tr></table><p class="totop"><a href="#summary">back to summary</a></p>
<h3 id="m40">TestNGFeatures.Log4JTest#freecrmTitleTest</h3><table class="result"><tr><th>Exception</th></tr><tr><td><div class="stacktrace">org.testng.TestNGException: 
Parameter &apos;myBrowser&apos; is required by BeforeTest on method getBrowser but has not been marked @Optional or defined
in C:\Users\HP\workspace\CodeBase-I\testng.xml
... Removed 21 stack frames</div></td></tr></table><p class="totop"><a href="#summary">back to summary</a></p>
<h3 id="m41">com.qa.hubspot.parellelTestcases.ParellelTestcases#ebayPageTitleTestParellelModeOn</h3><table class="result"><tr><th>Exception</th></tr><tr><td><div class="stacktrace">org.testng.TestNGException: 
Parameter &apos;myBrowser&apos; is required by BeforeTest on method getBrowser but has not been marked @Optional or defined
in C:\Users\HP\workspace\CodeBase-I\testng.xml
... Removed 21 stack frames</div></td></tr></table><p class="totop"><a href="#summary">back to summary</a></p>
<h3 id="m42">com.qa.hubspot.parellelTestcases.ThreadLocalDemo#testMethod1</h3><table class="result"><tr><th>Exception</th></tr><tr><td><div class="stacktrace">org.testng.TestNGException: 
Parameter &apos;myBrowser&apos; is required by BeforeTest on method getBrowser but has not been marked @Optional or defined
in C:\Users\HP\workspace\CodeBase-I\testng.xml
... Removed 21 stack frames</div></td></tr></table><p class="totop"><a href="#summary">back to summary</a></p>
<h3 id="m43">com.qa.hubspot.parellelTestcases.ThreadLocalDemo#testMethod2</h3><table class="result"><tr><th>Exception</th></tr><tr><td><div class="stacktrace">org.testng.TestNGException: 
Parameter &apos;myBrowser&apos; is required by BeforeTest on method getBrowser but has not been marked @Optional or defined
in C:\Users\HP\workspace\CodeBase-I\testng.xml
... Removed 21 stack frames</div></td></tr></table><p class="totop"><a href="#summary">back to summary</a></p>
<h3 id="m44">com.qa.selenium.quickrecap.ActionsClassTest#actionclassTest</h3><table class="result"><tr><th>Exception</th></tr><tr><td><div class="stacktrace">org.testng.TestNGException: 
Parameter &apos;myBrowser&apos; is required by BeforeTest on method getBrowser but has not been marked @Optional or defined
in C:\Users\HP\workspace\CodeBase-I\testng.xml
... Removed 21 stack frames</div></td></tr></table><p class="totop"><a href="#summary">back to summary</a></p>
<h3 id="m45">com.qa.selenium.quickrecap.ScreenShotPracto#loginTest</h3><table class="result"><tr><th>Exception</th></tr><tr><td><div class="stacktrace">org.testng.TestNGException: 
Parameter &apos;myBrowser&apos; is required by BeforeTest on method getBrowser but has not been marked @Optional or defined
in C:\Users\HP\workspace\CodeBase-I\testng.xml
... Removed 21 stack frames</div></td></tr></table><p class="totop"><a href="#summary">back to summary</a></p>
<h3 id="m46">com.qa.selenium.quickrecap.SeleniumBasics#loginTest</h3><table class="result"><tr><th>Exception</th></tr><tr><td><div class="stacktrace">org.testng.TestNGException: 
Parameter &apos;myBrowser&apos; is required by BeforeTest on method getBrowser but has not been marked @Optional or defined
in C:\Users\HP\workspace\CodeBase-I\testng.xml
... Removed 21 stack frames</div></td></tr></table><p class="totop"><a href="#summary">back to summary</a></p>
<h3 id="m47">com.qa.selenium.quickrecap.headlessFireFox#headlessBrowswerTest</h3><table class="result"><tr><th>Exception</th></tr><tr><td><div class="stacktrace">org.testng.TestNGException: 
Parameter &apos;myBrowser&apos; is required by BeforeTest on method getBrowser but has not been marked @Optional or defined
in C:\Users\HP\workspace\CodeBase-I\testng.xml
... Removed 21 stack frames</div></td></tr></table><p class="totop"><a href="#summary">back to summary</a></p>
</body>
</html>
