<!DOCTYPE html>

<html>
  <head>
  <meta charset='utf-8'>
  <title>TestNG reports</title>

    <link type="text/css" href="testng-reports.css" rel="stylesheet" />
    <script type="text/javascript" src="jquery-1.7.1.min.js"></script>
    <script type="text/javascript" src="testng-reports.js"></script>
    <script type="text/javascript" src="https://www.google.com/jsapi"></script>
    <script type='text/javascript'>
      google.load('visualization', '1', {packages:['table']});
      google.setOnLoadCallback(drawTable);
      var suiteTableInitFunctions = new Array();
      var suiteTableData = new Array();
    </script>
    <!--
      <script type="text/javascript" src="jquery-ui/js/jquery-ui-1.8.16.custom.min.js"></script>
     -->
  </head>

  <body>
    <div class="top-banner-root">
      <span class="top-banner-title-font">Test results</span>
      <br/>
      <span class="top-banner-font-1">1 suite</span>
    </div> <!-- top-banner-root -->
    <div class="navigator-root">
      <div class="navigator-suite-header">
        <span>All suites</span>
        <a href="#" class="collapse-all-link" title="Collapse/expand all the suites">
          <img class="collapse-all-icon" src="collapseall.gif">
          </img> <!-- collapse-all-icon -->
        </a> <!-- collapse-all-link -->
      </div> <!-- navigator-suite-header -->
      <div class="suite">
        <div class="rounded-window">
          <div class="suite-header light-rounded-window-top">
            <a href="#" class="navigator-link" panel-name="suite-SmokeTestSuite">
              <span class="suite-name border-skipped">SmokeTestSuite</span>
            </a> <!-- navigator-link -->
          </div> <!-- suite-header light-rounded-window-top -->
          <div class="navigator-suite-content">
            <div class="suite-section-title">
              <span>Info</span>
            </div> <!-- suite-section-title -->
            <div class="suite-section-content">
              <ul>
                <li>
                  <a href="#" class="navigator-link " panel-name="test-xml-SmokeTestSuite">
                    <span>C:\Users\HP\workspace\CodeBase-I\testng.xml</span>
                  </a> <!-- navigator-link  -->
                </li>
                <li>
                  <a href="#" class="navigator-link " panel-name="testlist-SmokeTestSuite">
                    <span class="test-stats">1 test</span>
                  </a> <!-- navigator-link  -->
                </li>
                <li>
                  <a href="#" class="navigator-link " panel-name="group-SmokeTestSuite">
                    <span>0 groups</span>
                  </a> <!-- navigator-link  -->
                </li>
                <li>
                  <a href="#" class="navigator-link " panel-name="times-SmokeTestSuite">
                    <span>Times</span>
                  </a> <!-- navigator-link  -->
                </li>
                <li>
                  <a href="#" class="navigator-link " panel-name="reporter-SmokeTestSuite">
                    <span>Reporter output</span>
                  </a> <!-- navigator-link  -->
                </li>
                <li>
                  <a href="#" class="navigator-link " panel-name="ignored-methods-SmokeTestSuite">
                    <span>Ignored methods</span>
                  </a> <!-- navigator-link  -->
                </li>
                <li>
                  <a href="#" class="navigator-link " panel-name="chronological-SmokeTestSuite">
                    <span>Chronological view</span>
                  </a> <!-- navigator-link  -->
                </li>
              </ul>
            </div> <!-- suite-section-content -->
            <div class="result-section">
              <div class="suite-section-title">
                <span>Results</span>
              </div> <!-- suite-section-title -->
              <div class="suite-section-content">
                <ul>
                  <li>
                    <span class="method-stats">19 methods,  19 skipped,  </span>
                  </li>
                  <li>
                    <span class="method-list-title skipped">Skipped methods</span>
                    <span class="show-or-hide-methods skipped">
                      <a href="#" panel-name="suite-SmokeTestSuite" class="hide-methods skipped suite-SmokeTestSuite"> (hide)</a> <!-- hide-methods skipped suite-SmokeTestSuite -->
                      <a href="#" panel-name="suite-SmokeTestSuite" class="show-methods skipped suite-SmokeTestSuite"> (show)</a> <!-- show-methods skipped suite-SmokeTestSuite -->
                    </span>
                    <div class="method-list-content skipped suite-SmokeTestSuite">
                      <span>
                        <img width="3%" src="skipped.png"/>
                        <a href="#" class="method navigator-link" panel-name="suite-SmokeTestSuite" title="TestNGFeatures.AssertionTest" hash-for-method="HomePageTest">HomePageTest</a> <!-- method navigator-link -->
                      </span>
                      <br/>
                      <span>
                        <img width="3%" src="skipped.png"/>
                        <a href="#" class="method navigator-link" panel-name="suite-SmokeTestSuite" title="SeleniumSessions.SeleniumBasicsPracto" hash-for-method="Login">Login</a> <!-- method navigator-link -->
                      </span>
                      <br/>
                      <span>
                        <img width="3%" src="skipped.png"/>
                        <a href="#" class="method navigator-link" panel-name="suite-SmokeTestSuite" title="com.qa.selenium.quickrecap.ActionsClassTest" hash-for-method="actionclassTest">actionclassTest</a> <!-- method navigator-link -->
                      </span>
                      <br/>
                      <span>
                        <img width="3%" src="skipped.png"/>
                        <a href="#" class="method navigator-link" panel-name="suite-SmokeTestSuite" title="com.qa.hubspot.parellelTestcases.ParellelTestcases" hash-for-method="ebayPageTitleTestParellelModeOn">ebayPageTitleTestParellelModeOn</a> <!-- method navigator-link -->
                      </span>
                      <br/>
                      <span>
                        <img width="3%" src="skipped.png"/>
                        <a href="#" class="method navigator-link" panel-name="suite-SmokeTestSuite" title="FreeCRMTestSinglton.WMTest" hash-for-method="freeCRMTest">freeCRMTest</a> <!-- method navigator-link -->
                      </span>
                      <br/>
                      <span>
                        <img width="3%" src="skipped.png"/>
                        <a href="#" class="method navigator-link" panel-name="suite-SmokeTestSuite" title="TestNGFeatures.Log4JTest" hash-for-method="freecrmTitleTest">freecrmTitleTest</a> <!-- method navigator-link -->
                      </span>
                      <br/>
                      <span>
                        <img width="3%" src="skipped.png"/>
                        <a href="#" class="method navigator-link" panel-name="suite-SmokeTestSuite" title="com.qa.selenium.quickrecap.headlessFireFox" hash-for-method="headlessBrowswerTest">headlessBrowswerTest</a> <!-- method navigator-link -->
                      </span>
                      <br/>
                      <span>
                        <img width="3%" src="skipped.png"/>
                        <a href="#" class="method navigator-link" panel-name="suite-SmokeTestSuite" title="com.qa.selenium.quickrecap.ScreenShotPracto" hash-for-method="loginTest">loginTest</a> <!-- method navigator-link -->
                      </span>
                      <br/>
                      <span>
                        <img width="3%" src="skipped.png"/>
                        <a href="#" class="method navigator-link" panel-name="suite-SmokeTestSuite" title="com.qa.selenium.quickrecap.SeleniumBasics" hash-for-method="loginTest">loginTest</a> <!-- method navigator-link -->
                      </span>
                      <br/>
                      <span>
                        <img width="3%" src="skipped.png"/>
                        <a href="#" class="method navigator-link" panel-name="suite-SmokeTestSuite" title="TestNGFeatures.HUBSPOTLogin" hash-for-method="loginTest">loginTest</a> <!-- method navigator-link -->
                      </span>
                      <br/>
                      <span>
                        <img width="3%" src="skipped.png"/>
                        <a href="#" class="method navigator-link" panel-name="suite-SmokeTestSuite" title="TestNGFeatures.AssertionTest" hash-for-method="loginTest">loginTest</a> <!-- method navigator-link -->
                      </span>
                      <br/>
                      <span>
                        <img width="3%" src="skipped.png"/>
                        <a href="#" class="method navigator-link" panel-name="suite-SmokeTestSuite" title="FreeCRMTestSinglton.FreeCRMTestClass" hash-for-method="logoTest">logoTest</a> <!-- method navigator-link -->
                      </span>
                      <br/>
                      <span>
                        <img width="3%" src="skipped.png"/>
                        <a href="#" class="method navigator-link" panel-name="suite-SmokeTestSuite" title="TestNGFeatures.AssertionTest" hash-for-method="logoutTest">logoutTest</a> <!-- method navigator-link -->
                      </span>
                      <br/>
                      <span>
                        <img width="3%" src="skipped.png"/>
                        <a href="#" class="method navigator-link" panel-name="suite-SmokeTestSuite" title="FreeCRMTestSinglton.PDFReaderTest" hash-for-method="readPDFTest">readPDFTest</a> <!-- method navigator-link -->
                      </span>
                      <br/>
                      <span>
                        <img width="3%" src="skipped.png"/>
                        <a href="#" class="method navigator-link" panel-name="suite-SmokeTestSuite" title="com.qa.hubspot.parellelTestcases.ThreadLocalDemo" hash-for-method="testMethod1">testMethod1</a> <!-- method navigator-link -->
                      </span>
                      <br/>
                      <span>
                        <img width="3%" src="skipped.png"/>
                        <a href="#" class="method navigator-link" panel-name="suite-SmokeTestSuite" title="com.qa.hubspot.parellelTestcases.ThreadLocalDemo" hash-for-method="testMethod2">testMethod2</a> <!-- method navigator-link -->
                      </span>
                      <br/>
                      <span>
                        <img width="3%" src="skipped.png"/>
                        <a href="#" class="method navigator-link" panel-name="suite-SmokeTestSuite" title="FreeCRMTestSinglton.FreeCRMTestClass" hash-for-method="verifyFreeCRMTitle">verifyFreeCRMTitle</a> <!-- method navigator-link -->
                      </span>
                      <br/>
                      <span>
                        <img width="3%" src="skipped.png"/>
                        <a href="#" class="method navigator-link" panel-name="suite-SmokeTestSuite" title="TestNGFeatures.HUBSPOTLogin" hash-for-method="verifyLoginButtonTest">verifyLoginButtonTest</a> <!-- method navigator-link -->
                      </span>
                      <br/>
                      <span>
                        <img width="3%" src="skipped.png"/>
                        <a href="#" class="method navigator-link" panel-name="suite-SmokeTestSuite" title="TestNGFeatures.HUBSPOTLogin" hash-for-method="verifyLoginPageTitleTest">verifyLoginPageTitleTest</a> <!-- method navigator-link -->
                      </span>
                      <br/>
                    </div> <!-- method-list-content skipped suite-SmokeTestSuite -->
                  </li>
                </ul>
              </div> <!-- suite-section-content -->
            </div> <!-- result-section -->
          </div> <!-- navigator-suite-content -->
        </div> <!-- rounded-window -->
      </div> <!-- suite -->
    </div> <!-- navigator-root -->
    <div class="wrapper">
      <div class="main-panel-root">
        <div panel-name="suite-SmokeTestSuite" class="panel SmokeTestSuite">
          <div class="suite-SmokeTestSuite-class-skipped">
            <div class="main-panel-header rounded-window-top">
              <img src="skipped.png"/>
              <span class="class-name">com.qa.hubspot.parellelTestcases.ThreadLocalDemo</span>
            </div> <!-- main-panel-header rounded-window-top -->
            <div class="main-panel-content rounded-window-bottom">
              <div class="method">
                <div class="method-content">
                  <a name="testMethod1">
                  </a> <!-- testMethod1 -->
                  <span class="method-name">testMethod1</span>
                  <div class="stack-trace">org.testng.TestNGException: 
Parameter &apos;myBrowser&apos; is required by BeforeTest on method getBrowser but has not been marked @Optional or defined
in C:\Users\HP\workspace\CodeBase-I\testng.xml
... Removed 21 stack frames
</div> <!-- stack-trace -->
                </div> <!-- method-content -->
              </div> <!-- method -->
              <div class="method">
                <div class="method-content">
                  <a name="testMethod2">
                  </a> <!-- testMethod2 -->
                  <span class="method-name">testMethod2</span>
                  <div class="stack-trace">org.testng.TestNGException: 
Parameter &apos;myBrowser&apos; is required by BeforeTest on method getBrowser but has not been marked @Optional or defined
in C:\Users\HP\workspace\CodeBase-I\testng.xml
... Removed 21 stack frames
</div> <!-- stack-trace -->
                </div> <!-- method-content -->
              </div> <!-- method -->
            </div> <!-- main-panel-content rounded-window-bottom -->
          </div> <!-- suite-SmokeTestSuite-class-skipped -->
          <div class="suite-SmokeTestSuite-class-skipped">
            <div class="main-panel-header rounded-window-top">
              <img src="skipped.png"/>
              <span class="class-name">SeleniumSessions.SeleniumBasicsPracto</span>
            </div> <!-- main-panel-header rounded-window-top -->
            <div class="main-panel-content rounded-window-bottom">
              <div class="method">
                <div class="method-content">
                  <a name="Login">
                  </a> <!-- Login -->
                  <span class="method-name">Login</span>
                  <div class="stack-trace">org.testng.TestNGException: 
Parameter &apos;myBrowser&apos; is required by BeforeTest on method getBrowser but has not been marked @Optional or defined
in C:\Users\HP\workspace\CodeBase-I\testng.xml
... Removed 21 stack frames
</div> <!-- stack-trace -->
                </div> <!-- method-content -->
              </div> <!-- method -->
            </div> <!-- main-panel-content rounded-window-bottom -->
          </div> <!-- suite-SmokeTestSuite-class-skipped -->
          <div class="suite-SmokeTestSuite-class-skipped">
            <div class="main-panel-header rounded-window-top">
              <img src="skipped.png"/>
              <span class="class-name">com.qa.selenium.quickrecap.ActionsClassTest</span>
            </div> <!-- main-panel-header rounded-window-top -->
            <div class="main-panel-content rounded-window-bottom">
              <div class="method">
                <div class="method-content">
                  <a name="actionclassTest">
                  </a> <!-- actionclassTest -->
                  <span class="method-name">actionclassTest</span>
                  <div class="stack-trace">org.testng.TestNGException: 
Parameter &apos;myBrowser&apos; is required by BeforeTest on method getBrowser but has not been marked @Optional or defined
in C:\Users\HP\workspace\CodeBase-I\testng.xml
... Removed 21 stack frames
</div> <!-- stack-trace -->
                </div> <!-- method-content -->
              </div> <!-- method -->
            </div> <!-- main-panel-content rounded-window-bottom -->
          </div> <!-- suite-SmokeTestSuite-class-skipped -->
          <div class="suite-SmokeTestSuite-class-skipped">
            <div class="main-panel-header rounded-window-top">
              <img src="skipped.png"/>
              <span class="class-name">FreeCRMTestSinglton.FreeCRMTestClass</span>
            </div> <!-- main-panel-header rounded-window-top -->
            <div class="main-panel-content rounded-window-bottom">
              <div class="method">
                <div class="method-content">
                  <a name="logoTest">
                  </a> <!-- logoTest -->
                  <span class="method-name">logoTest</span>
                  <div class="stack-trace">org.testng.TestNGException: 
Parameter &apos;myBrowser&apos; is required by BeforeTest on method getBrowser but has not been marked @Optional or defined
in C:\Users\HP\workspace\CodeBase-I\testng.xml
... Removed 21 stack frames
</div> <!-- stack-trace -->
                </div> <!-- method-content -->
              </div> <!-- method -->
              <div class="method">
                <div class="method-content">
                  <a name="verifyFreeCRMTitle">
                  </a> <!-- verifyFreeCRMTitle -->
                  <span class="method-name">verifyFreeCRMTitle</span>
                  <div class="stack-trace">org.testng.TestNGException: 
Parameter &apos;myBrowser&apos; is required by BeforeTest on method getBrowser but has not been marked @Optional or defined
in C:\Users\HP\workspace\CodeBase-I\testng.xml
... Removed 21 stack frames
</div> <!-- stack-trace -->
                </div> <!-- method-content -->
              </div> <!-- method -->
            </div> <!-- main-panel-content rounded-window-bottom -->
          </div> <!-- suite-SmokeTestSuite-class-skipped -->
          <div class="suite-SmokeTestSuite-class-skipped">
            <div class="main-panel-header rounded-window-top">
              <img src="skipped.png"/>
              <span class="class-name">TestNGFeatures.Log4JTest</span>
            </div> <!-- main-panel-header rounded-window-top -->
            <div class="main-panel-content rounded-window-bottom">
              <div class="method">
                <div class="method-content">
                  <a name="freecrmTitleTest">
                  </a> <!-- freecrmTitleTest -->
                  <span class="method-name">freecrmTitleTest</span>
                  <div class="stack-trace">org.testng.TestNGException: 
Parameter &apos;myBrowser&apos; is required by BeforeTest on method getBrowser but has not been marked @Optional or defined
in C:\Users\HP\workspace\CodeBase-I\testng.xml
... Removed 21 stack frames
</div> <!-- stack-trace -->
                </div> <!-- method-content -->
              </div> <!-- method -->
            </div> <!-- main-panel-content rounded-window-bottom -->
          </div> <!-- suite-SmokeTestSuite-class-skipped -->
          <div class="suite-SmokeTestSuite-class-skipped">
            <div class="main-panel-header rounded-window-top">
              <img src="skipped.png"/>
              <span class="class-name">FreeCRMTestSinglton.WMTest</span>
            </div> <!-- main-panel-header rounded-window-top -->
            <div class="main-panel-content rounded-window-bottom">
              <div class="method">
                <div class="method-content">
                  <a name="freeCRMTest">
                  </a> <!-- freeCRMTest -->
                  <span class="method-name">freeCRMTest</span>
                  <div class="stack-trace">org.testng.TestNGException: 
Parameter &apos;myBrowser&apos; is required by BeforeTest on method getBrowser but has not been marked @Optional or defined
in C:\Users\HP\workspace\CodeBase-I\testng.xml
... Removed 21 stack frames
</div> <!-- stack-trace -->
                </div> <!-- method-content -->
              </div> <!-- method -->
            </div> <!-- main-panel-content rounded-window-bottom -->
          </div> <!-- suite-SmokeTestSuite-class-skipped -->
          <div class="suite-SmokeTestSuite-class-skipped">
            <div class="main-panel-header rounded-window-top">
              <img src="skipped.png"/>
              <span class="class-name">TestNGFeatures.HUBSPOTLogin</span>
            </div> <!-- main-panel-header rounded-window-top -->
            <div class="main-panel-content rounded-window-bottom">
              <div class="method">
                <div class="method-content">
                  <a name="loginTest">
                  </a> <!-- loginTest -->
                  <span class="method-name">loginTest</span>
                  <div class="stack-trace">org.testng.TestNGException: 
Parameter &apos;myBrowser&apos; is required by BeforeTest on method getBrowser but has not been marked @Optional or defined
in C:\Users\HP\workspace\CodeBase-I\testng.xml
... Removed 21 stack frames
</div> <!-- stack-trace -->
                </div> <!-- method-content -->
              </div> <!-- method -->
              <div class="method">
                <div class="method-content">
                  <a name="verifyLoginButtonTest">
                  </a> <!-- verifyLoginButtonTest -->
                  <span class="method-name">verifyLoginButtonTest</span>
                  <div class="stack-trace">org.testng.TestNGException: 
Parameter &apos;myBrowser&apos; is required by BeforeTest on method getBrowser but has not been marked @Optional or defined
in C:\Users\HP\workspace\CodeBase-I\testng.xml
... Removed 21 stack frames
</div> <!-- stack-trace -->
                </div> <!-- method-content -->
              </div> <!-- method -->
              <div class="method">
                <div class="method-content">
                  <a name="verifyLoginPageTitleTest">
                  </a> <!-- verifyLoginPageTitleTest -->
                  <span class="method-name">verifyLoginPageTitleTest</span>
                  <div class="stack-trace">org.testng.TestNGException: 
Parameter &apos;myBrowser&apos; is required by BeforeTest on method getBrowser but has not been marked @Optional or defined
in C:\Users\HP\workspace\CodeBase-I\testng.xml
... Removed 21 stack frames
</div> <!-- stack-trace -->
                </div> <!-- method-content -->
              </div> <!-- method -->
            </div> <!-- main-panel-content rounded-window-bottom -->
          </div> <!-- suite-SmokeTestSuite-class-skipped -->
          <div class="suite-SmokeTestSuite-class-skipped">
            <div class="main-panel-header rounded-window-top">
              <img src="skipped.png"/>
              <span class="class-name">com.qa.hubspot.parellelTestcases.ParellelTestcases</span>
            </div> <!-- main-panel-header rounded-window-top -->
            <div class="main-panel-content rounded-window-bottom">
              <div class="method">
                <div class="method-content">
                  <a name="ebayPageTitleTestParellelModeOn">
                  </a> <!-- ebayPageTitleTestParellelModeOn -->
                  <span class="method-name">ebayPageTitleTestParellelModeOn</span>
                  <div class="stack-trace">org.testng.TestNGException: 
Parameter &apos;myBrowser&apos; is required by BeforeTest on method getBrowser but has not been marked @Optional or defined
in C:\Users\HP\workspace\CodeBase-I\testng.xml
... Removed 21 stack frames
</div> <!-- stack-trace -->
                </div> <!-- method-content -->
              </div> <!-- method -->
            </div> <!-- main-panel-content rounded-window-bottom -->
          </div> <!-- suite-SmokeTestSuite-class-skipped -->
          <div class="suite-SmokeTestSuite-class-skipped">
            <div class="main-panel-header rounded-window-top">
              <img src="skipped.png"/>
              <span class="class-name">FreeCRMTestSinglton.PDFReaderTest</span>
            </div> <!-- main-panel-header rounded-window-top -->
            <div class="main-panel-content rounded-window-bottom">
              <div class="method">
                <div class="method-content">
                  <a name="readPDFTest">
                  </a> <!-- readPDFTest -->
                  <span class="method-name">readPDFTest</span>
                  <div class="stack-trace">org.testng.TestNGException: 
Parameter &apos;myBrowser&apos; is required by BeforeTest on method getBrowser but has not been marked @Optional or defined
in C:\Users\HP\workspace\CodeBase-I\testng.xml
... Removed 21 stack frames
</div> <!-- stack-trace -->
                </div> <!-- method-content -->
              </div> <!-- method -->
            </div> <!-- main-panel-content rounded-window-bottom -->
          </div> <!-- suite-SmokeTestSuite-class-skipped -->
          <div class="suite-SmokeTestSuite-class-skipped">
            <div class="main-panel-header rounded-window-top">
              <img src="skipped.png"/>
              <span class="class-name">com.qa.selenium.quickrecap.headlessFireFox</span>
            </div> <!-- main-panel-header rounded-window-top -->
            <div class="main-panel-content rounded-window-bottom">
              <div class="method">
                <div class="method-content">
                  <a name="headlessBrowswerTest">
                  </a> <!-- headlessBrowswerTest -->
                  <span class="method-name">headlessBrowswerTest</span>
                  <div class="stack-trace">org.testng.TestNGException: 
Parameter &apos;myBrowser&apos; is required by BeforeTest on method getBrowser but has not been marked @Optional or defined
in C:\Users\HP\workspace\CodeBase-I\testng.xml
... Removed 21 stack frames
</div> <!-- stack-trace -->
                </div> <!-- method-content -->
              </div> <!-- method -->
            </div> <!-- main-panel-content rounded-window-bottom -->
          </div> <!-- suite-SmokeTestSuite-class-skipped -->
          <div class="suite-SmokeTestSuite-class-skipped">
            <div class="main-panel-header rounded-window-top">
              <img src="skipped.png"/>
              <span class="class-name">TestNGFeatures.AssertionTest</span>
            </div> <!-- main-panel-header rounded-window-top -->
            <div class="main-panel-content rounded-window-bottom">
              <div class="method">
                <div class="method-content">
                  <a name="HomePageTest">
                  </a> <!-- HomePageTest -->
                  <span class="method-name">HomePageTest</span>
                  <div class="stack-trace">org.testng.TestNGException: 
Parameter &apos;myBrowser&apos; is required by BeforeTest on method getBrowser but has not been marked @Optional or defined
in C:\Users\HP\workspace\CodeBase-I\testng.xml
... Removed 21 stack frames
</div> <!-- stack-trace -->
                </div> <!-- method-content -->
              </div> <!-- method -->
              <div class="method">
                <div class="method-content">
                  <a name="loginTest">
                  </a> <!-- loginTest -->
                  <span class="method-name">loginTest</span>
                  <div class="stack-trace">org.testng.TestNGException: 
Parameter &apos;myBrowser&apos; is required by BeforeTest on method getBrowser but has not been marked @Optional or defined
in C:\Users\HP\workspace\CodeBase-I\testng.xml
... Removed 21 stack frames
</div> <!-- stack-trace -->
                </div> <!-- method-content -->
              </div> <!-- method -->
              <div class="method">
                <div class="method-content">
                  <a name="logoutTest">
                  </a> <!-- logoutTest -->
                  <span class="method-name">logoutTest</span>
                  <div class="stack-trace">org.testng.TestNGException: 
Parameter &apos;myBrowser&apos; is required by BeforeTest on method getBrowser but has not been marked @Optional or defined
in C:\Users\HP\workspace\CodeBase-I\testng.xml
... Removed 21 stack frames
</div> <!-- stack-trace -->
                </div> <!-- method-content -->
              </div> <!-- method -->
            </div> <!-- main-panel-content rounded-window-bottom -->
          </div> <!-- suite-SmokeTestSuite-class-skipped -->
          <div class="suite-SmokeTestSuite-class-skipped">
            <div class="main-panel-header rounded-window-top">
              <img src="skipped.png"/>
              <span class="class-name">com.qa.selenium.quickrecap.SeleniumBasics</span>
            </div> <!-- main-panel-header rounded-window-top -->
            <div class="main-panel-content rounded-window-bottom">
              <div class="method">
                <div class="method-content">
                  <a name="loginTest">
                  </a> <!-- loginTest -->
                  <span class="method-name">loginTest</span>
                  <div class="stack-trace">org.testng.TestNGException: 
Parameter &apos;myBrowser&apos; is required by BeforeTest on method getBrowser but has not been marked @Optional or defined
in C:\Users\HP\workspace\CodeBase-I\testng.xml
... Removed 21 stack frames
</div> <!-- stack-trace -->
                </div> <!-- method-content -->
              </div> <!-- method -->
            </div> <!-- main-panel-content rounded-window-bottom -->
          </div> <!-- suite-SmokeTestSuite-class-skipped -->
          <div class="suite-SmokeTestSuite-class-skipped">
            <div class="main-panel-header rounded-window-top">
              <img src="skipped.png"/>
              <span class="class-name">com.qa.selenium.quickrecap.ScreenShotPracto</span>
            </div> <!-- main-panel-header rounded-window-top -->
            <div class="main-panel-content rounded-window-bottom">
              <div class="method">
                <div class="method-content">
                  <a name="loginTest">
                  </a> <!-- loginTest -->
                  <span class="method-name">loginTest</span>
                  <div class="stack-trace">org.testng.TestNGException: 
Parameter &apos;myBrowser&apos; is required by BeforeTest on method getBrowser but has not been marked @Optional or defined
in C:\Users\HP\workspace\CodeBase-I\testng.xml
... Removed 21 stack frames
</div> <!-- stack-trace -->
                </div> <!-- method-content -->
              </div> <!-- method -->
            </div> <!-- main-panel-content rounded-window-bottom -->
          </div> <!-- suite-SmokeTestSuite-class-skipped -->
        </div> <!-- panel SmokeTestSuite -->
        <div panel-name="test-xml-SmokeTestSuite" class="panel">
          <div class="main-panel-header rounded-window-top">
            <span class="header-content">C:\Users\HP\workspace\CodeBase-I\testng.xml</span>
          </div> <!-- main-panel-header rounded-window-top -->
          <div class="main-panel-content rounded-window-bottom">
            <pre>
&lt;?xml version=&quot;1.0&quot; encoding=&quot;UTF-8&quot;?&gt;
&lt;!DOCTYPE suite SYSTEM &quot;http://testng.org/testng-1.0.dtd&quot;&gt;
&lt;suite guice-stage=&quot;DEVELOPMENT&quot; name=&quot;SmokeTestSuite&quot;&gt;
  &lt;test thread-count=&quot;5&quot; name=&quot;Smoke Scenarios&quot;&gt;
    &lt;classes&gt;
      &lt;class name=&quot;TestNGFeatures.HUBSPOTLogin&quot;/&gt;
      &lt;class name=&quot;com.qa.selenium.quickrecap.ActionsClassTest&quot;/&gt;
      &lt;class name=&quot;TestNGFeatures.AssertionTest&quot;/&gt;
      &lt;class name=&quot;FreeCRMTestSinglton.PDFReaderTest&quot;/&gt;
      &lt;class name=&quot;FreeCRMTestSinglton.FreeCRMTestClass&quot;/&gt;
      &lt;class name=&quot;com.qa.hubspot.parellelTestcases.ThreadLocalDemo&quot;/&gt;
      &lt;class name=&quot;com.qa.hubspot.parellelTestcases.ParellelTestcases&quot;/&gt;
      &lt;class name=&quot;TestNGFeatures.Log4JTest&quot;/&gt;
      &lt;class name=&quot;SeleniumSessions.SeleniumBasicsPracto&quot;/&gt;
      &lt;class name=&quot;TestNGFeatures.TestNGBasicsTest&quot;/&gt;
      &lt;class name=&quot;com.qa.selenium.quickrecap.SeleniumBasics&quot;/&gt;
      &lt;class name=&quot;FreeCRMTestSinglton.WMTest&quot;/&gt;
      &lt;class name=&quot;com.qa.selenium.quickrecap.headlessFireFox&quot;/&gt;
      &lt;class name=&quot;com.qa.selenium.quickrecap.ScreenShotPracto&quot;/&gt;
      &lt;class name=&quot;TestNGFeatures.AnnotationsRealLifeExample&quot;/&gt;
    &lt;/classes&gt;
  &lt;/test&gt; &lt;!-- Smoke Scenarios --&gt;
&lt;/suite&gt; &lt;!-- SmokeTestSuite --&gt;
            </pre>
          </div> <!-- main-panel-content rounded-window-bottom -->
        </div> <!-- panel -->
        <div panel-name="testlist-SmokeTestSuite" class="panel">
          <div class="main-panel-header rounded-window-top">
            <span class="header-content">Tests for SmokeTestSuite</span>
          </div> <!-- main-panel-header rounded-window-top -->
          <div class="main-panel-content rounded-window-bottom">
            <ul>
              <li>
                <span class="test-name">Smoke Scenarios (15 classes)</span>
              </li>
            </ul>
          </div> <!-- main-panel-content rounded-window-bottom -->
        </div> <!-- panel -->
        <div panel-name="group-SmokeTestSuite" class="panel">
          <div class="main-panel-header rounded-window-top">
            <span class="header-content">Groups for SmokeTestSuite</span>
          </div> <!-- main-panel-header rounded-window-top -->
          <div class="main-panel-content rounded-window-bottom">
          </div> <!-- main-panel-content rounded-window-bottom -->
        </div> <!-- panel -->
        <div panel-name="times-SmokeTestSuite" class="panel">
          <div class="main-panel-header rounded-window-top">
            <span class="header-content">Times for SmokeTestSuite</span>
          </div> <!-- main-panel-header rounded-window-top -->
          <div class="main-panel-content rounded-window-bottom">
            <div class="times-div">
              <script type="text/javascript">
suiteTableInitFunctions.push('tableData_SmokeTestSuite');
function tableData_SmokeTestSuite() {
var data = new google.visualization.DataTable();
data.addColumn('number', 'Number');
data.addColumn('string', 'Method');
data.addColumn('string', 'Class');
data.addColumn('number', 'Time (ms)');
data.addRows(19);
data.setCell(0, 0, 0)
data.setCell(0, 1, 'freeCRMTest')
data.setCell(0, 2, 'FreeCRMTestSinglton.WMTest')
data.setCell(0, 3, 0);
data.setCell(1, 0, 1)
data.setCell(1, 1, 'HomePageTest')
data.setCell(1, 2, 'TestNGFeatures.AssertionTest')
data.setCell(1, 3, 0);
data.setCell(2, 0, 2)
data.setCell(2, 1, 'logoutTest')
data.setCell(2, 2, 'TestNGFeatures.AssertionTest')
data.setCell(2, 3, 0);
data.setCell(3, 0, 3)
data.setCell(3, 1, 'testMethod1')
data.setCell(3, 2, 'com.qa.hubspot.parellelTestcases.ThreadLocalDemo')
data.setCell(3, 3, 0);
data.setCell(4, 0, 4)
data.setCell(4, 1, 'headlessBrowswerTest')
data.setCell(4, 2, 'com.qa.selenium.quickrecap.headlessFireFox')
data.setCell(4, 3, 0);
data.setCell(5, 0, 5)
data.setCell(5, 1, 'Login')
data.setCell(5, 2, 'SeleniumSessions.SeleniumBasicsPracto')
data.setCell(5, 3, 0);
data.setCell(6, 0, 6)
data.setCell(6, 1, 'loginTest')
data.setCell(6, 2, 'com.qa.selenium.quickrecap.ScreenShotPracto')
data.setCell(6, 3, 0);
data.setCell(7, 0, 7)
data.setCell(7, 1, 'readPDFTest')
data.setCell(7, 2, 'FreeCRMTestSinglton.PDFReaderTest')
data.setCell(7, 3, 0);
data.setCell(8, 0, 8)
data.setCell(8, 1, 'ebayPageTitleTestParellelModeOn')
data.setCell(8, 2, 'com.qa.hubspot.parellelTestcases.ParellelTestcases')
data.setCell(8, 3, 0);
data.setCell(9, 0, 9)
data.setCell(9, 1, 'loginTest')
data.setCell(9, 2, 'com.qa.selenium.quickrecap.SeleniumBasics')
data.setCell(9, 3, 0);
data.setCell(10, 0, 10)
data.setCell(10, 1, 'verifyFreeCRMTitle')
data.setCell(10, 2, 'FreeCRMTestSinglton.FreeCRMTestClass')
data.setCell(10, 3, 0);
data.setCell(11, 0, 11)
data.setCell(11, 1, 'loginTest')
data.setCell(11, 2, 'TestNGFeatures.HUBSPOTLogin')
data.setCell(11, 3, 0);
data.setCell(12, 0, 12)
data.setCell(12, 1, 'verifyLoginPageTitleTest')
data.setCell(12, 2, 'TestNGFeatures.HUBSPOTLogin')
data.setCell(12, 3, 0);
data.setCell(13, 0, 13)
data.setCell(13, 1, 'logoTest')
data.setCell(13, 2, 'FreeCRMTestSinglton.FreeCRMTestClass')
data.setCell(13, 3, 0);
data.setCell(14, 0, 14)
data.setCell(14, 1, 'actionclassTest')
data.setCell(14, 2, 'com.qa.selenium.quickrecap.ActionsClassTest')
data.setCell(14, 3, 0);
data.setCell(15, 0, 15)
data.setCell(15, 1, 'testMethod2')
data.setCell(15, 2, 'com.qa.hubspot.parellelTestcases.ThreadLocalDemo')
data.setCell(15, 3, 0);
data.setCell(16, 0, 16)
data.setCell(16, 1, 'loginTest')
data.setCell(16, 2, 'TestNGFeatures.AssertionTest')
data.setCell(16, 3, 0);
data.setCell(17, 0, 17)
data.setCell(17, 1, 'freecrmTitleTest')
data.setCell(17, 2, 'TestNGFeatures.Log4JTest')
data.setCell(17, 3, 0);
data.setCell(18, 0, 18)
data.setCell(18, 1, 'verifyLoginButtonTest')
data.setCell(18, 2, 'TestNGFeatures.HUBSPOTLogin')
data.setCell(18, 3, 0);
window.suiteTableData['SmokeTestSuite']= { tableData: data, tableDiv: 'times-div-SmokeTestSuite'}
return data;
}
              </script>
              <span class="suite-total-time">Total running time: 0 ms</span>
              <div id="times-div-SmokeTestSuite">
              </div> <!-- times-div-SmokeTestSuite -->
            </div> <!-- times-div -->
          </div> <!-- main-panel-content rounded-window-bottom -->
        </div> <!-- panel -->
        <div panel-name="reporter-SmokeTestSuite" class="panel">
          <div class="main-panel-header rounded-window-top">
            <span class="header-content">Reporter output for SmokeTestSuite</span>
          </div> <!-- main-panel-header rounded-window-top -->
          <div class="main-panel-content rounded-window-bottom">
          </div> <!-- main-panel-content rounded-window-bottom -->
        </div> <!-- panel -->
        <div panel-name="ignored-methods-SmokeTestSuite" class="panel">
          <div class="main-panel-header rounded-window-top">
            <span class="header-content">2 ignored methods</span>
          </div> <!-- main-panel-header rounded-window-top -->
          <div class="main-panel-content rounded-window-bottom">
            <div class="ignored-class-div">
              <span class="ignored-class-name">TestNGFeatures.TestNGBasicsTest</span>
              <div class="ignored-methods-div">
                <span class="ignored-method-name">verifyLoginButtonTest</span>
                <br/>
                <span class="ignored-method-name">verifyLoginPageTitleTest</span>
                <br/>
              </div> <!-- ignored-methods-div -->
            </div> <!-- ignored-class-div -->
          </div> <!-- main-panel-content rounded-window-bottom -->
        </div> <!-- panel -->
        <div panel-name="chronological-SmokeTestSuite" class="panel">
          <div class="main-panel-header rounded-window-top">
            <span class="header-content">Methods in chronological order</span>
          </div> <!-- main-panel-header rounded-window-top -->
          <div class="main-panel-content rounded-window-bottom">
            <div class="chronological-class">
              <div class="chronological-class-name">TestNGFeatures.AnnotationsRealLifeExample</div> <!-- chronological-class-name -->
              <div class="configuration-suite before">
                <span class="method-name">setUp</span>
                <span class="method-start">0 ms</span>
              </div> <!-- configuration-suite before -->
            </div> <!-- chronological-class -->
            <div class="chronological-class">
              <div class="chronological-class-name">TestNGFeatures.TestNGBasicsTest</div> <!-- chronological-class-name -->
              <div class="configuration-suite before">
                <span class="method-name">launchBrowser</span>
                <span class="method-start">207 ms</span>
              </div> <!-- configuration-suite before -->
            </div> <!-- chronological-class -->
            <div class="chronological-class">
              <div class="chronological-class-name">TestNGFeatures.AnnotationsRealLifeExample</div> <!-- chronological-class-name -->
              <div class="configuration-test before">
                <span class="method-name">launchBrowser</span>
                <span class="method-start">74654 ms</span>
              </div> <!-- configuration-test before -->
            </div> <!-- chronological-class -->
            <div class="chronological-class">
              <div class="chronological-class-name">TestNGFeatures.Log4JTest</div> <!-- chronological-class-name -->
              <div class="configuration-test before">
                <span class="method-name">TestDataSetup</span>
                <span class="method-start">81650 ms</span>
              </div> <!-- configuration-test before -->
            </div> <!-- chronological-class -->
            <div class="chronological-class">
              <div class="chronological-class-name">TestNGFeatures.HUBSPOTLogin</div> <!-- chronological-class-name -->
              <div class="test-method">
                <span class="method-name">loginTest</span>
                <span class="method-start">-1558264913424 ms</span>
              </div> <!-- test-method -->
              <div class="test-method">
                <span class="method-name">verifyLoginButtonTest</span>
                <span class="method-start">-1558264913424 ms</span>
              </div> <!-- test-method -->
              <div class="test-method">
                <span class="method-name">verifyLoginPageTitleTest</span>
                <span class="method-start">-1558264913424 ms</span>
              </div> <!-- test-method -->
            </div> <!-- chronological-class -->
            <div class="chronological-class">
              <div class="chronological-class-name">com.qa.selenium.quickrecap.ActionsClassTest</div> <!-- chronological-class-name -->
              <div class="test-method">
                <span class="method-name">actionclassTest</span>
                <span class="method-start">-1558264913424 ms</span>
              </div> <!-- test-method -->
            </div> <!-- chronological-class -->
            <div class="chronological-class">
              <div class="chronological-class-name">TestNGFeatures.AssertionTest</div> <!-- chronological-class-name -->
              <div class="test-method">
                <span class="method-name">HomePageTest</span>
                <span class="method-start">-1558264913424 ms</span>
              </div> <!-- test-method -->
              <div class="test-method">
                <span class="method-name">loginTest</span>
                <span class="method-start">-1558264913424 ms</span>
              </div> <!-- test-method -->
              <div class="test-method">
                <span class="method-name">logoutTest</span>
                <span class="method-start">-1558264913424 ms</span>
              </div> <!-- test-method -->
            </div> <!-- chronological-class -->
            <div class="chronological-class">
              <div class="chronological-class-name">FreeCRMTestSinglton.PDFReaderTest</div> <!-- chronological-class-name -->
              <div class="test-method">
                <span class="method-name">readPDFTest</span>
                <span class="method-start">-1558264913424 ms</span>
              </div> <!-- test-method -->
            </div> <!-- chronological-class -->
            <div class="chronological-class">
              <div class="chronological-class-name">FreeCRMTestSinglton.FreeCRMTestClass</div> <!-- chronological-class-name -->
              <div class="test-method">
                <span class="method-name">logoTest</span>
                <span class="method-start">-1558264913424 ms</span>
              </div> <!-- test-method -->
              <div class="test-method">
                <span class="method-name">verifyFreeCRMTitle</span>
                <span class="method-start">-1558264913424 ms</span>
              </div> <!-- test-method -->
            </div> <!-- chronological-class -->
            <div class="chronological-class">
              <div class="chronological-class-name">com.qa.hubspot.parellelTestcases.ThreadLocalDemo</div> <!-- chronological-class-name -->
              <div class="test-method">
                <span class="method-name">testMethod1</span>
                <span class="method-start">-1558264913424 ms</span>
              </div> <!-- test-method -->
              <div class="test-method">
                <span class="method-name">testMethod2</span>
                <span class="method-start">-1558264913424 ms</span>
              </div> <!-- test-method -->
            </div> <!-- chronological-class -->
            <div class="chronological-class">
              <div class="chronological-class-name">com.qa.hubspot.parellelTestcases.ParellelTestcases</div> <!-- chronological-class-name -->
              <div class="test-method">
                <span class="method-name">ebayPageTitleTestParellelModeOn</span>
                <span class="method-start">-1558264913424 ms</span>
              </div> <!-- test-method -->
            </div> <!-- chronological-class -->
            <div class="chronological-class">
              <div class="chronological-class-name">TestNGFeatures.Log4JTest</div> <!-- chronological-class-name -->
              <div class="test-method">
                <span class="method-name">freecrmTitleTest</span>
                <span class="method-start">-1558264913424 ms</span>
              </div> <!-- test-method -->
            </div> <!-- chronological-class -->
            <div class="chronological-class">
              <div class="chronological-class-name">SeleniumSessions.SeleniumBasicsPracto</div> <!-- chronological-class-name -->
              <div class="test-method">
                <span class="method-name">Login</span>
                <span class="method-start">-1558264913424 ms</span>
              </div> <!-- test-method -->
            </div> <!-- chronological-class -->
            <div class="chronological-class">
              <div class="chronological-class-name">com.qa.selenium.quickrecap.SeleniumBasics</div> <!-- chronological-class-name -->
              <div class="test-method">
                <span class="method-name">loginTest</span>
                <span class="method-start">-1558264913424 ms</span>
              </div> <!-- test-method -->
            </div> <!-- chronological-class -->
            <div class="chronological-class">
              <div class="chronological-class-name">FreeCRMTestSinglton.WMTest</div> <!-- chronological-class-name -->
              <div class="test-method">
                <span class="method-name">freeCRMTest</span>
                <span class="method-start">-1558264913424 ms</span>
              </div> <!-- test-method -->
            </div> <!-- chronological-class -->
            <div class="chronological-class">
              <div class="chronological-class-name">com.qa.selenium.quickrecap.headlessFireFox</div> <!-- chronological-class-name -->
              <div class="test-method">
                <span class="method-name">headlessBrowswerTest</span>
                <span class="method-start">-1558264913424 ms</span>
              </div> <!-- test-method -->
            </div> <!-- chronological-class -->
            <div class="chronological-class">
              <div class="chronological-class-name">com.qa.selenium.quickrecap.ScreenShotPracto</div> <!-- chronological-class-name -->
              <div class="test-method">
                <span class="method-name">loginTest</span>
                <span class="method-start">-1558264913424 ms</span>
              </div> <!-- test-method -->
          </div> <!-- main-panel-content rounded-window-bottom -->
        </div> <!-- panel -->
      </div> <!-- main-panel-root -->
    </div> <!-- wrapper -->
  </body>
</html>
